
FAILURE: Build failed with an exception.

* What went wrong:
Misdetected cycle between :testNg and :testNg. Help us by reporting this to https://github.com/gradle/gradle/issues/2293

* Try:
Run with --stacktrace option to get the stack trace. Run with --info or --debug option to get more log output. Run with --scan to get full insights.

* Get more help at https://help.gradle.org

BUILD FAILED in 1s
